<?xml version="1.0" encoding="UTF-8"?><testsuite errors="0" failures="1" name="the user can create a new rol" skipped="0" tests="1" time="39.62" timestamp="2023-01-13 03:54:14"><testcase name="Create a new rol"><failure message="Expected enabled element was not enabled" type="net.thucydides.core.webdriver.exceptions.ElementShouldBeEnabledException">Expected enabled element was not enabled</failure><system-err>Expected enabled element was not enabled&#13;
Tasks.HU0004.CrearRol.performAs(CrearRol.java:30)&#13;
Stepsdefinitions.CrearRolSteps.heEntersTheData(CrearRolSteps.java:50)&#13;
cucumber.runner.Runner.runPickle(Runner.java:80)&#13;
</system-err></testcase></testsuite>